# JRE version: OpenJDK Runtime Environment Temurin-21.0.7+6 (21.0.7+6) (build 21.0.7+6-LTS)
# Java VM: OpenJDK 64-Bit Server VM Temurin-21.0.7+6 (21.0.7+6-LTS, mixed mode, sharing, tiered, compressed oops, compressed class ptrs, parallel gc, windows-amd64)
GC Precious Log:
 CardTable entry size: 512
 CPUs: 8 total, 8 available
 Memory: 16215M
 Large Page Support: Disabled
 NUMA Support: Disabled
 Compressed Oops: Enabled (32-bit)
 Alignments: Space 512K, Generation 512K, Heap 2M
 Heap Min Capacity: 100M
 Heap Initial Capacity: 100M
 Heap Max Capacity: 1G
 Pre-touch: Disabled
 Parallel Workers: 8
Heap:
 PSYoungGen      total 6656K, used 3897K [0x00000000eab00000, 0x00000000eb280000, 0x0000000100000000)
  eden space 5632K, 57% used [0x00000000eab00000,0x00000000eae26658,0x00000000eb080000)
  from space 1024K, 65% used [0x00000000eb180000,0x00000000eb228000,0x00000000eb280000)
  to   space 1024K, 0% used [0x00000000eb080000,0x00000000eb080000,0x00000000eb180000)
 ParOldGen       total 447488K, used 447411K [0x00000000c0000000, 0x00000000db500000, 0x00000000eab00000)
  object space 447488K, 99% used [0x00000000c0000000,0x00000000db4ecd58,0x00000000db500000)
 Metaspace       used 65465K, committed 67008K, reserved 1114112K
  class space    used 6677K, committed 7360K, reserved 1048576K
GC Heap History (20 events):
Event: 12.662 GC heap before
{Heap before GC invocations=532 (full 3):
 PSYoungGen      total 6656K, used 6417K [0x00000000eab00000, 0x00000000eb300000, 0x0000000100000000)
  eden space 5632K, 100% used [0x00000000eab00000,0x00000000eb080000,0x00000000eb080000)
  from space 1024K, 76% used [0x00000000eb200000,0x00000000eb2c4728,0x00000000eb300000)
  to   space 1024K, 0% used [0x00000000eb100000,0x00000000eb100000,0x00000000eb200000)
 ParOldGen       total 442368K, used 442229K [0x00000000c0000000, 0x00000000db000000, 0x00000000eab00000)
  object space 442368K, 99% used [0x00000000c0000000,0x00000000dafdd640,0x00000000db000000)
 Metaspace       used 65363K, committed 66880K, reserved 1114112K
  class space    used 6674K, committed 7360K, reserved 1048576K
}
Event: 12.664 GC heap after
{Heap after GC invocations=532 (full 3):
 PSYoungGen      total 6656K, used 806K [0x00000000eab00000, 0x00000000eb280000, 0x0000000100000000)
  eden space 5632K, 0% used [0x00000000eab00000,0x00000000eab00000,0x00000000eb080000)
  from space 1024K, 78% used [0x00000000eb100000,0x00000000eb1c9b10,0x00000000eb200000)
  to   space 512K, 0% used [0x00000000eb200000,0x00000000eb200000,0x00000000eb280000)
 ParOldGen       total 442880K, used 442549K [0x00000000c0000000, 0x00000000db080000, 0x00000000eab00000)
  object space 442880K, 99% used [0x00000000c0000000,0x00000000db02d550,0x00000000db080000)
 Metaspace       used 65363K, committed 66880K, reserved 1114112K
  class space    used 6674K, committed 7360K, reserved 1048576K
}
Event: 12.682 GC heap before
{Heap before GC invocations=533 (full 3):
 PSYoungGen      total 6656K, used 6438K [0x00000000eab00000, 0x00000000eb280000, 0x0000000100000000)
  eden space 5632K, 100% used [0x00000000eab00000,0x00000000eb080000,0x00000000eb080000)
  from space 1024K, 78% used [0x00000000eb100000,0x00000000eb1c9b10,0x00000000eb200000)
  to   space 512K, 0% used [0x00000000eb200000,0x00000000eb200000,0x00000000eb280000)
 ParOldGen       total 442880K, used 442549K [0x00000000c0000000, 0x00000000db080000, 0x00000000eab00000)
  object space 442880K, 99% used [0x00000000c0000000,0x00000000db02d550,0x00000000db080000)
 Metaspace       used 65411K, committed 66944K, reserved 1114112K
  class space    used 6677K, committed 7360K, reserved 1048576K
}
Event: 12.684 GC heap after
{Heap after GC invocations=533 (full 3):
 PSYoungGen      total 6144K, used 484K [0x00000000eab00000, 0x00000000eb280000, 0x0000000100000000)
  eden space 5632K, 0% used [0x00000000eab00000,0x00000000eab00000,0x00000000eb080000)
  from space 512K, 94% used [0x00000000eb200000,0x00000000eb279210,0x00000000eb280000)
  to   space 1024K, 0% used [0x00000000eb080000,0x00000000eb080000,0x00000000eb180000)
 ParOldGen       total 442880K, used 442709K [0x00000000c0000000, 0x00000000db080000, 0x00000000eab00000)
  object space 442880K, 99% used [0x00000000c0000000,0x00000000db055550,0x00000000db080000)
 Metaspace       used 65411K, committed 66944K, reserved 1114112K
  class space    used 6677K, committed 7360K, reserved 1048576K
}
Event: 12.696 GC heap before
{Heap before GC invocations=534 (full 3):
 PSYoungGen      total 6144K, used 6116K [0x00000000eab00000, 0x00000000eb280000, 0x0000000100000000)
  eden space 5632K, 100% used [0x00000000eab00000,0x00000000eb080000,0x00000000eb080000)
  from space 512K, 94% used [0x00000000eb200000,0x00000000eb279210,0x00000000eb280000)
  to   space 1024K, 0% used [0x00000000eb080000,0x00000000eb080000,0x00000000eb180000)
 ParOldGen       total 442880K, used 442709K [0x00000000c0000000, 0x00000000db080000, 0x00000000eab00000)
  object space 442880K, 99% used [0x00000000c0000000,0x00000000db055550,0x00000000db080000)
 Metaspace       used 65421K, committed 66944K, reserved 1114112K
  class space    used 6677K, committed 7360K, reserved 1048576K
}
Event: 12.698 GC heap after
{Heap after GC invocations=534 (full 3):
 PSYoungGen      total 6656K, used 895K [0x00000000eab00000, 0x00000000eb280000, 0x0000000100000000)
  eden space 5632K, 0% used [0x00000000eab00000,0x00000000eab00000,0x00000000eb080000)
  from space 1024K, 87% used [0x00000000eb080000,0x00000000eb15fd98,0x00000000eb180000)
  to   space 1024K, 0% used [0x00000000eb180000,0x00000000eb180000,0x00000000eb280000)
 ParOldGen       total 443392K, used 443094K [0x00000000c0000000, 0x00000000db100000, 0x00000000eab00000)
  object space 443392K, 99% used [0x00000000c0000000,0x00000000db0b5a90,0x00000000db100000)
 Metaspace       used 65421K, committed 66944K, reserved 1114112K
  class space    used 6677K, committed 7360K, reserved 1048576K
}
Event: 12.712 GC heap before
{Heap before GC invocations=535 (full 3):
 PSYoungGen      total 6656K, used 6527K [0x00000000eab00000, 0x00000000eb280000, 0x0000000100000000)
  eden space 5632K, 100% used [0x00000000eab00000,0x00000000eb080000,0x00000000eb080000)
  from space 1024K, 87% used [0x00000000eb080000,0x00000000eb15fd98,0x00000000eb180000)
  to   space 1024K, 0% used [0x00000000eb180000,0x00000000eb180000,0x00000000eb280000)
 ParOldGen       total 443392K, used 443094K [0x00000000c0000000, 0x00000000db100000, 0x00000000eab00000)
  object space 443392K, 99% used [0x00000000c0000000,0x00000000db0b5a90,0x00000000db100000)
 Metaspace       used 65426K, committed 66944K, reserved 1114112K
  class space    used 6677K, committed 7360K, reserved 1048576K
}
Event: 12.713 GC heap after
{Heap after GC invocations=535 (full 3):
 PSYoungGen      total 6656K, used 790K [0x00000000eab00000, 0x00000000eb280000, 0x0000000100000000)
  eden space 5632K, 0% used [0x00000000eab00000,0x00000000eab00000,0x00000000eb080000)
  from space 1024K, 77% used [0x00000000eb180000,0x00000000eb245ba8,0x00000000eb280000)
  to   space 1024K, 0% used [0x00000000eb080000,0x00000000eb080000,0x00000000eb180000)
 ParOldGen       total 443904K, used 443830K [0x00000000c0000000, 0x00000000db180000, 0x00000000eab00000)
  object space 443904K, 99% used [0x00000000c0000000,0x00000000db16dbd0,0x00000000db180000)
 Metaspace       used 65426K, committed 66944K, reserved 1114112K
  class space    used 6677K, committed 7360K, reserved 1048576K
}
Event: 12.723 GC heap before
{Heap before GC invocations=536 (full 3):
 PSYoungGen      total 6656K, used 6422K [0x00000000eab00000, 0x00000000eb280000, 0x0000000100000000)
  eden space 5632K, 99% used [0x00000000eab00000,0x00000000eb07fff8,0x00000000eb080000)
  from space 1024K, 77% used [0x00000000eb180000,0x00000000eb245ba8,0x00000000eb280000)
  to   space 1024K, 0% used [0x00000000eb080000,0x00000000eb080000,0x00000000eb180000)
 ParOldGen       total 443904K, used 443830K [0x00000000c0000000, 0x00000000db180000, 0x00000000eab00000)
  object space 443904K, 99% used [0x00000000c0000000,0x00000000db16dbd0,0x00000000db180000)
 Metaspace       used 65428K, committed 66944K, reserved 1114112K
  class space    used 6677K, committed 7360K, reserved 1048576K
}
Event: 12.724 GC heap after
{Heap after GC invocations=536 (full 3):
 PSYoungGen      total 6656K, used 805K [0x00000000eab00000, 0x00000000eb280000, 0x0000000100000000)
  eden space 5632K, 0% used [0x00000000eab00000,0x00000000eab00000,0x00000000eb080000)
  from space 1024K, 78% used [0x00000000eb080000,0x00000000eb149518,0x00000000eb180000)
  to   space 1024K, 0% used [0x00000000eb180000,0x00000000eb180000,0x00000000eb280000)
 ParOldGen       total 444928K, used 444497K [0x00000000c0000000, 0x00000000db280000, 0x00000000eab00000)
  object space 444928K, 99% used [0x00000000c0000000,0x00000000db214618,0x00000000db280000)
 Metaspace       used 65428K, committed 66944K, reserved 1114112K
  class space    used 6677K, committed 7360K, reserved 1048576K
}
Event: 12.731 GC heap before
{Heap before GC invocations=537 (full 3):
 PSYoungGen      total 6656K, used 6437K [0x00000000eab00000, 0x00000000eb280000, 0x0000000100000000)
  eden space 5632K, 100% used [0x00000000eab00000,0x00000000eb080000,0x00000000eb080000)
  from space 1024K, 78% used [0x00000000eb080000,0x00000000eb149518,0x00000000eb180000)
  to   space 1024K, 0% used [0x00000000eb180000,0x00000000eb180000,0x00000000eb280000)
 ParOldGen       total 444928K, used 444497K [0x00000000c0000000, 0x00000000db280000, 0x00000000eab00000)
  object space 444928K, 99% used [0x00000000c0000000,0x00000000db214618,0x00000000db280000)
 Metaspace       used 65443K, committed 66944K, reserved 1114112K
  class space    used 6677K, committed 7360K, reserved 1048576K
}
Event: 12.732 GC heap after
{Heap after GC invocations=537 (full 3):
 PSYoungGen      total 6656K, used 480K [0x00000000eab00000, 0x00000000eb280000, 0x0000000100000000)
  eden space 5632K, 0% used [0x00000000eab00000,0x00000000eab00000,0x00000000eb080000)
  from space 1024K, 46% used [0x00000000eb180000,0x00000000eb1f8000,0x00000000eb280000)
  to   space 1024K, 0% used [0x00000000eb080000,0x00000000eb080000,0x00000000eb180000)
 ParOldGen       total 445440K, used 445198K [0x00000000c0000000, 0x00000000db300000, 0x00000000eab00000)
  object space 445440K, 99% used [0x00000000c0000000,0x00000000db2c3bb0,0x00000000db300000)
 Metaspace       used 65443K, committed 66944K, reserved 1114112K
  class space    used 6677K, committed 7360K, reserved 1048576K
}
Event: 12.771 GC heap before
{Heap before GC invocations=538 (full 3):
 PSYoungGen      total 6656K, used 6112K [0x00000000eab00000, 0x00000000eb280000, 0x0000000100000000)
  eden space 5632K, 100% used [0x00000000eab00000,0x00000000eb080000,0x00000000eb080000)
  from space 1024K, 46% used [0x00000000eb180000,0x00000000eb1f8000,0x00000000eb280000)
  to   space 1024K, 0% used [0x00000000eb080000,0x00000000eb080000,0x00000000eb180000)
 ParOldGen       total 445440K, used 445198K [0x00000000c0000000, 0x00000000db300000, 0x00000000eab00000)
  object space 445440K, 99% used [0x00000000c0000000,0x00000000db2c3bb0,0x00000000db300000)
 Metaspace       used 65464K, committed 67008K, reserved 1114112K
  class space    used 6677K, committed 7360K, reserved 1048576K
}
Event: 12.772 GC heap after
{Heap after GC invocations=538 (full 3):
 PSYoungGen      total 6656K, used 722K [0x00000000eab00000, 0x00000000eb280000, 0x0000000100000000)
  eden space 5632K, 0% used [0x00000000eab00000,0x00000000eab00000,0x00000000eb080000)
  from space 1024K, 70% used [0x00000000eb080000,0x00000000eb134928,0x00000000eb180000)
  to   space 1024K, 0% used [0x00000000eb180000,0x00000000eb180000,0x00000000eb280000)
 ParOldGen       total 445952K, used 445574K [0x00000000c0000000, 0x00000000db380000, 0x00000000eab00000)
  object space 445952K, 99% used [0x00000000c0000000,0x00000000db321bb0,0x00000000db380000)
 Metaspace       used 65464K, committed 67008K, reserved 1114112K
  class space    used 6677K, committed 7360K, reserved 1048576K
}
Event: 12.790 GC heap before
{Heap before GC invocations=539 (full 3):
 PSYoungGen      total 6656K, used 6354K [0x00000000eab00000, 0x00000000eb280000, 0x0000000100000000)
  eden space 5632K, 100% used [0x00000000eab00000,0x00000000eb080000,0x00000000eb080000)
  from space 1024K, 70% used [0x00000000eb080000,0x00000000eb134928,0x00000000eb180000)
  to   space 1024K, 0% used [0x00000000eb180000,0x00000000eb180000,0x00000000eb280000)
 ParOldGen       total 445952K, used 445574K [0x00000000c0000000, 0x00000000db380000, 0x00000000eab00000)
  object space 445952K, 99% used [0x00000000c0000000,0x00000000db321bb0,0x00000000db380000)
 Metaspace       used 65464K, committed 67008K, reserved 1114112K
  class space    used 6677K, committed 7360K, reserved 1048576K
}
Event: 12.791 GC heap after
{Heap after GC invocations=539 (full 3):
 PSYoungGen      total 6656K, used 704K [0x00000000eab00000, 0x00000000eb280000, 0x0000000100000000)
  eden space 5632K, 0% used [0x00000000eab00000,0x00000000eab00000,0x00000000eb080000)
  from space 1024K, 68% used [0x00000000eb180000,0x00000000eb230000,0x00000000eb280000)
  to   space 1024K, 0% used [0x00000000eb080000,0x00000000eb080000,0x00000000eb180000)
 ParOldGen       total 446464K, used 446157K [0x00000000c0000000, 0x00000000db400000, 0x00000000eab00000)
  object space 446464K, 99% used [0x00000000c0000000,0x00000000db3b3550,0x00000000db400000)
 Metaspace       used 65464K, committed 67008K, reserved 1114112K
  class space    used 6677K, committed 7360K, reserved 1048576K
}
Event: 12.807 GC heap before
{Heap before GC invocations=540 (full 3):
 PSYoungGen      total 6656K, used 6336K [0x00000000eab00000, 0x00000000eb280000, 0x0000000100000000)
  eden space 5632K, 100% used [0x00000000eab00000,0x00000000eb080000,0x00000000eb080000)
  from space 1024K, 68% used [0x00000000eb180000,0x00000000eb230000,0x00000000eb280000)
  to   space 1024K, 0% used [0x00000000eb080000,0x00000000eb080000,0x00000000eb180000)
 ParOldGen       total 446464K, used 446157K [0x00000000c0000000, 0x00000000db400000, 0x00000000eab00000)
  object space 446464K, 99% used [0x00000000c0000000,0x00000000db3b3550,0x00000000db400000)
 Metaspace       used 65464K, committed 67008K, reserved 1114112K
  class space    used 6677K, committed 7360K, reserved 1048576K
}
Event: 12.809 GC heap after
{Heap after GC invocations=540 (full 3):
 PSYoungGen      total 6656K, used 822K [0x00000000eab00000, 0x00000000eb280000, 0x0000000100000000)
  eden space 5632K, 0% used [0x00000000eab00000,0x00000000eab00000,0x00000000eb080000)
  from space 1024K, 80% used [0x00000000eb080000,0x00000000eb14d808,0x00000000eb180000)
  to   space 1024K, 0% used [0x00000000eb180000,0x00000000eb180000,0x00000000eb280000)
 ParOldGen       total 446976K, used 446757K [0x00000000c0000000, 0x00000000db480000, 0x00000000eab00000)
  object space 446976K, 99% used [0x00000000c0000000,0x00000000db449550,0x00000000db480000)
 Metaspace       used 65464K, committed 67008K, reserved 1114112K
  class space    used 6677K, committed 7360K, reserved 1048576K
}
Event: 12.836 GC heap before
{Heap before GC invocations=541 (full 3):
 PSYoungGen      total 6656K, used 6443K [0x00000000eab00000, 0x00000000eb280000, 0x0000000100000000)
  eden space 5632K, 99% used [0x00000000eab00000,0x00000000eb07d3f8,0x00000000eb080000)
  from space 1024K, 80% used [0x00000000eb080000,0x00000000eb14d808,0x00000000eb180000)
  to   space 1024K, 0% used [0x00000000eb180000,0x00000000eb180000,0x00000000eb280000)
 ParOldGen       total 446976K, used 446757K [0x00000000c0000000, 0x00000000db480000, 0x00000000eab00000)
  object space 446976K, 99% used [0x00000000c0000000,0x00000000db449550,0x00000000db480000)
 Metaspace       used 65464K, committed 67008K, reserved 1114112K
  class space    used 6677K, committed 7360K, reserved 1048576K
}
Event: 12.838 GC heap after
{Heap after GC invocations=541 (full 3):
 PSYoungGen      total 6656K, used 672K [0x00000000eab00000, 0x00000000eb280000, 0x0000000100000000)
  eden space 5632K, 0% used [0x00000000eab00000,0x00000000eab00000,0x00000000eb080000)
  from space 1024K, 65% used [0x00000000eb180000,0x00000000eb228000,0x00000000eb280000)
  to   space 1024K, 0% used [0x00000000eb080000,0x00000000eb080000,0x00000000eb180000)
 ParOldGen       total 447488K, used 447411K [0x00000000c0000000, 0x00000000db500000, 0x00000000eab00000)
  object space 447488K, 99% used [0x00000000c0000000,0x00000000db4ecd58,0x00000000db500000)
 Metaspace       used 65464K, committed 67008K, reserved 1114112K
  class space    used 6677K, committed 7360K, reserved 1048576K
}

